c:\users\abdoulaye\desktop\solar_system\cg_course\release\cg_course.pch
c:\users\abdoulaye\desktop\solar_system\cg_course\release\vc140.pdb
c:\users\abdoulaye\desktop\solar_system\cg_course\release\stdafx.obj
c:\users\abdoulaye\desktop\solar_system\cg_course\release\solarsystem.obj
c:\users\abdoulaye\desktop\solar_system\cg_course\release\imageloader.obj
c:\users\abdoulaye diongue\documents\et3\infographie\solar_system_final_version\cg_course\release\cg_course.pch
c:\users\abdoulaye diongue\documents\et3\infographie\solar_system_final_version\cg_course\release\vc140.pdb
c:\users\abdoulaye diongue\documents\et3\infographie\solar_system_final_version\cg_course\release\stdafx.obj
c:\users\abdoulaye diongue\documents\et3\infographie\solar_system_final_version\cg_course\release\solarsystem.obj
c:\users\abdoulaye diongue\documents\et3\infographie\solar_system_final_version\cg_course\release\imageloader.obj
c:\users\abdoulaye\desktop\solar_system\release\cg_course.exe
c:\users\abdoulaye\desktop\solar_system\release\cg_course.ipdb
c:\users\abdoulaye\desktop\solar_system\release\cg_course.iobj
c:\users\abdoulaye\desktop\solar_system\release\cg_course.pdb
c:\users\abdoulaye diongue\documents\et3\infographie\solar_system_final_version\release\cg_course.exe
c:\users\abdoulaye diongue\documents\et3\infographie\solar_system_final_version\release\cg_course.ipdb
c:\users\abdoulaye diongue\documents\et3\infographie\solar_system_final_version\release\cg_course.iobj
c:\users\abdoulaye diongue\documents\et3\infographie\solar_system_final_version\release\cg_course.pdb
c:\users\abdoulaye diongue\documents\et3\infographie\solar_system_final_version\cg_course\release\cg_course.tlog\cl.command.1.tlog
c:\users\abdoulaye diongue\documents\et3\infographie\solar_system_final_version\cg_course\release\cg_course.tlog\cl.read.1.tlog
c:\users\abdoulaye diongue\documents\et3\infographie\solar_system_final_version\cg_course\release\cg_course.tlog\cl.write.1.tlog
c:\users\abdoulaye diongue\documents\et3\infographie\solar_system_final_version\cg_course\release\cg_course.tlog\link.command.1.tlog
c:\users\abdoulaye diongue\documents\et3\infographie\solar_system_final_version\cg_course\release\cg_course.tlog\link.read.1.tlog
c:\users\abdoulaye diongue\documents\et3\infographie\solar_system_final_version\cg_course\release\cg_course.tlog\link.write.1.tlog
